<?xml version="1.0" encoding="UTF-8" ?>
<testsuite tests="1" failures="0" name="jp.spring.ioc.context.ApplicationContextTest" time="0.005" errors="1" skipped="0">
  <properties>
[...]
</properties>
  <testcase classname="jp.spring.ioc.context.ApplicationContextTest" name="test" time="0.005">
    <error type="java.lang.NullPointerException">java.lang.NullPointerException
	at java.lang.Class.isAssignableFrom(Native Method)
	at jp.spring.ioc.beans.factory.AbstractBeanFactory.getBeansForType(AbstractBeanFactory.java:101)
	at jp.spring.ioc.context.AbstractApplicationContext.registerBeanPostProcessors(AbstractApplicationContext.java:29)
	at jp.spring.ioc.context.AbstractApplicationContext.refresh(AbstractApplicationContext.java:23)
	at jp.spring.ioc.context.impl.ClassPathXmlApplicationContext.&lt;init&gt;(ClassPathXmlApplicationContext.java:26)
	at jp.spring.ioc.context.impl.ClassPathXmlApplicationContext.&lt;init&gt;(ClassPathXmlApplicationContext.java:20)
	at jp.spring.ioc.context.ApplicationContextTest.test(ApplicationContextTest.java:16)
	at sun.reflect.NativeMethodAccessorImpl.invoke0(Native Method)
	at sun.reflect.NativeMethodAccessorImpl.invoke(NativeMethodAccessorImpl.java:62)
	at sun.reflect.DelegatingMethodAccessorImpl.invoke(DelegatingMethodAccessorImpl.java:43)
	at java.lang.reflect.Method.invoke(Method.java:498)
	at org.junit.runners.model.FrameworkMethod$1.runReflectiveCall(FrameworkMethod.java:50)
	at org.junit.internal.runners.model.ReflectiveCallable.run(ReflectiveCallable.java:12)
	at org.junit.runners.model.FrameworkMethod.invokeExplosively(FrameworkMethod.java:47)
	at org.junit.internal.runners.statements.InvokeMethod.evaluate(InvokeMethod.java:17)
	at org.junit.runners.ParentRunner.runLeaf(ParentRunner.java:325)
	at org.junit.runners.BlockJUnit4ClassRunner.runChild(BlockJUnit4ClassRunner.java:78)
	at org.junit.runners.BlockJUnit4ClassRunner.runChild(BlockJUnit4ClassRunner.java:57)
	at org.junit.runners.ParentRunner$3.run(ParentRunner.java:290)
	at org.junit.runners.ParentRunner$1.schedule(ParentRunner.java:71)
	at org.junit.runners.ParentRunner.runChildren(ParentRunner.java:288)
	at org.junit.runners.ParentRunner.access$000(ParentRunner.java:58)
	at org.junit.runners.ParentRunner$2.evaluate(ParentRunner.java:268)
	at org.junit.runners.ParentRunner.run(ParentRunner.java:363)
	at org.apache.maven.surefire.junit4.JUnit4Provider.execute(JUnit4Provider.java:252)
	at org.apache.maven.surefire.junit4.JUnit4Provider.executeTestSet(JUnit4Provider.java:141)
	at org.apache.maven.surefire.junit4.JUnit4Provider.invoke(JUnit4Provider.java:112)
	at sun.reflect.NativeMethodAccessorImpl.invoke0(Native Method)
	at sun.reflect.NativeMethodAccessorImpl.invoke(NativeMethodAccessorImpl.java:62)
	at sun.reflect.DelegatingMethodAccessorImpl.invoke(DelegatingMethodAccessorImpl.java:43)
	at java.lang.reflect.Method.invoke(Method.java:498)
	at org.apache.maven.surefire.util.ReflectionUtils.invokeMethodWithArray(ReflectionUtils.java:189)
	at org.apache.maven.surefire.booter.ProviderFactory$ProviderProxy.invoke(ProviderFactory.java:165)
	at org.apache.maven.surefire.booter.ProviderFactory.invokeProvider(ProviderFactory.java:85)
	at org.apache.maven.surefire.booter.ForkedBooter.runSuitesInProcess(ForkedBooter.java:115)
	at org.apache.maven.surefire.booter.ForkedBooter.main(ForkedBooter.java:75)
</error>
    <system-err>java.lang.ClassNotFoundException: jp.spring.ioc.aop.AspectJAwareAdvisorAutoProxyCreator
	at java.net.URLClassLoader.findClass(URLClassLoader.java:381)
	at java.lang.ClassLoader.loadClass(ClassLoader.java:424)
	at sun.misc.Launcher$AppClassLoader.loadClass(Launcher.java:331)
	at java.lang.ClassLoader.loadClass(ClassLoader.java:357)
	at java.lang.Class.forName0(Native Method)
	at java.lang.Class.forName(Class.java:264)
	at jp.spring.ioc.beans.BeanDefinition.setBeanClassName(BeanDefinition.java:40)
	at jp.spring.ioc.beans.io.reader.XmlBeanDefinitionReader.processBeanDefinition(XmlBeanDefinitionReader.java:83)
	at jp.spring.ioc.beans.io.reader.XmlBeanDefinitionReader.parseBeanDefinitions(XmlBeanDefinitionReader.java:60)
	at jp.spring.ioc.beans.io.reader.XmlBeanDefinitionReader.registerBeanDefinitions(XmlBeanDefinitionReader.java:51)
	at jp.spring.ioc.beans.io.reader.XmlBeanDefinitionReader.doLoadBeanDefinitions(XmlBeanDefinitionReader.java:44)
	at jp.spring.ioc.beans.io.reader.XmlBeanDefinitionReader.loadBeanDefinitions(XmlBeanDefinitionReader.java:34)
	at jp.spring.ioc.context.impl.ClassPathXmlApplicationContext.loadBeanDefinitions(ClassPathXmlApplicationContext.java:32)
	at jp.spring.ioc.context.AbstractApplicationContext.refresh(AbstractApplicationContext.java:22)
	at jp.spring.ioc.context.impl.ClassPathXmlApplicationContext.&lt;init&gt;(ClassPathXmlApplicationContext.java:26)
	at jp.spring.ioc.context.impl.ClassPathXmlApplicationContext.&lt;init&gt;(ClassPathXmlApplicationContext.java:20)
	at jp.spring.ioc.context.ApplicationContextTest.test(ApplicationContextTest.java:16)
	at sun.reflect.NativeMethodAccessorImpl.invoke0(Native Method)
	at sun.reflect.NativeMethodAccessorImpl.invoke(NativeMethodAccessorImpl.java:62)
	at sun.reflect.DelegatingMethodAccessorImpl.invoke(DelegatingMethodAccessorImpl.java:43)
	at java.lang.reflect.Method.invoke(Method.java:498)
	at org.junit.runners.model.FrameworkMethod$1.runReflectiveCall(FrameworkMethod.java:50)
	at org.junit.internal.runners.model.ReflectiveCallable.run(ReflectiveCallable.java:12)
	at org.junit.runners.model.FrameworkMethod.invokeExplosively(FrameworkMethod.java:47)
	at org.junit.internal.runners.statements.InvokeMethod.evaluate(InvokeMethod.java:17)
	at org.junit.runners.ParentRunner.runLeaf(ParentRunner.java:325)
	at org.junit.runners.BlockJUnit4ClassRunner.runChild(BlockJUnit4ClassRunner.java:78)
	at org.junit.runners.BlockJUnit4ClassRunner.runChild(BlockJUnit4ClassRunner.java:57)
	at org.junit.runners.ParentRunner$3.run(ParentRunner.java:290)
	at org.junit.runners.ParentRunner$1.schedule(ParentRunner.java:71)
	at org.junit.runners.ParentRunner.runChildren(ParentRunner.java:288)
	at org.junit.runners.ParentRunner.access$000(ParentRunner.java:58)
	at org.junit.runners.ParentRunner$2.evaluate(ParentRunner.java:268)
	at org.junit.runners.ParentRunner.run(ParentRunner.java:363)
	at org.apache.maven.surefire.junit4.JUnit4Provider.execute(JUnit4Provider.java:252)
	at org.apache.maven.surefire.junit4.JUnit4Provider.executeTestSet(JUnit4Provider.java:141)
	at org.apache.maven.surefire.junit4.JUnit4Provider.invoke(JUnit4Provider.java:112)
	at sun.reflect.NativeMethodAccessorImpl.invoke0(Native Method)
	at sun.reflect.NativeMethodAccessorImpl.invoke(NativeMethodAccessorImpl.java:62)
	at sun.reflect.DelegatingMethodAccessorImpl.invoke(DelegatingMethodAccessorImpl.java:43)
	at java.lang.reflect.Method.invoke(Method.java:498)
	at org.apache.maven.surefire.util.ReflectionUtils.invokeMethodWithArray(ReflectionUtils.java:189)
	at org.apache.maven.surefire.booter.ProviderFactory$ProviderProxy.invoke(ProviderFactory.java:165)
	at org.apache.maven.surefire.booter.ProviderFactory.invokeProvider(ProviderFactory.java:85)
	at org.apache.maven.surefire.booter.ForkedBooter.runSuitesInProcess(ForkedBooter.java:115)
	at org.apache.maven.surefire.booter.ForkedBooter.main(ForkedBooter.java:75)
java.lang.ClassNotFoundException: jp.spring.ioc.aop.TimerInterceptor
	at java.net.URLClassLoader.findClass(URLClassLoader.java:381)
	at java.lang.ClassLoader.loadClass(ClassLoader.java:424)
	at sun.misc.Launcher$AppClassLoader.loadClass(Launcher.java:331)
	at java.lang.ClassLoader.loadClass(ClassLoader.java:357)
	at java.lang.Class.forName0(Native Method)
	at java.lang.Class.forName(Class.java:264)
	at jp.spring.ioc.beans.BeanDefinition.setBeanClassName(BeanDefinition.java:40)
	at jp.spring.ioc.beans.io.reader.XmlBeanDefinitionReader.processBeanDefinition(XmlBeanDefinitionReader.java:83)
	at jp.spring.ioc.beans.io.reader.XmlBeanDefinitionReader.parseBeanDefinitions(XmlBeanDefinitionReader.java:60)
	at jp.spring.ioc.beans.io.reader.XmlBeanDefinitionReader.registerBeanDefinitions(XmlBeanDefinitionReader.java:51)
	at jp.spring.ioc.beans.io.reader.XmlBeanDefinitionReader.doLoadBeanDefinitions(XmlBeanDefinitionReader.java:44)
	at jp.spring.ioc.beans.io.reader.XmlBeanDefinitionReader.loadBeanDefinitions(XmlBeanDefinitionReader.java:34)
	at jp.spring.ioc.context.impl.ClassPathXmlApplicationContext.loadBeanDefinitions(ClassPathXmlApplicationContext.java:32)
	at jp.spring.ioc.context.AbstractApplicationContext.refresh(AbstractApplicationContext.java:22)
	at jp.spring.ioc.context.impl.ClassPathXmlApplicationContext.&lt;init&gt;(ClassPathXmlApplicationContext.java:26)
	at jp.spring.ioc.context.impl.ClassPathXmlApplicationContext.&lt;init&gt;(ClassPathXmlApplicationContext.java:20)
	at jp.spring.ioc.context.ApplicationContextTest.test(ApplicationContextTest.java:16)
	at sun.reflect.NativeMethodAccessorImpl.invoke0(Native Method)
	at sun.reflect.NativeMethodAccessorImpl.invoke(NativeMethodAccessorImpl.java:62)
	at sun.reflect.DelegatingMethodAccessorImpl.invoke(DelegatingMethodAccessorImpl.java:43)
	at java.lang.reflect.Method.invoke(Method.java:498)
	at org.junit.runners.model.FrameworkMethod$1.runReflectiveCall(FrameworkMethod.java:50)
	at org.junit.internal.runners.model.ReflectiveCallable.run(ReflectiveCallable.java:12)
	at org.junit.runners.model.FrameworkMethod.invokeExplosively(FrameworkMethod.java:47)
	at org.junit.internal.runners.statements.InvokeMethod.evaluate(InvokeMethod.java:17)
	at org.junit.runners.ParentRunner.runLeaf(ParentRunner.java:325)
	at org.junit.runners.BlockJUnit4ClassRunner.runChild(BlockJUnit4ClassRunner.java:78)
	at org.junit.runners.BlockJUnit4ClassRunner.runChild(BlockJUnit4ClassRunner.java:57)
	at org.junit.runners.ParentRunner$3.run(ParentRunner.java:290)
	at org.junit.runners.ParentRunner$1.schedule(ParentRunner.java:71)
	at org.junit.runners.ParentRunner.runChildren(ParentRunner.java:288)
	at org.junit.runners.ParentRunner.access$000(ParentRunner.java:58)
	at org.junit.runners.ParentRunner$2.evaluate(ParentRunner.java:268)
	at org.junit.runners.ParentRunner.run(ParentRunner.java:363)
	at org.apache.maven.surefire.junit4.JUnit4Provider.execute(JUnit4Provider.java:252)
	at org.apache.maven.surefire.junit4.JUnit4Provider.executeTestSet(JUnit4Provider.java:141)
	at org.apache.maven.surefire.junit4.JUnit4Provider.invoke(JUnit4Provider.java:112)
	at sun.reflect.NativeMethodAccessorImpl.invoke0(Native Method)
	at sun.reflect.NativeMethodAccessorImpl.invoke(NativeMethodAccessorImpl.java:62)
	at sun.reflect.DelegatingMethodAccessorImpl.invoke(DelegatingMethodAccessorImpl.java:43)
	at java.lang.reflect.Method.invoke(Method.java:498)
	at org.apache.maven.surefire.util.ReflectionUtils.invokeMethodWithArray(ReflectionUtils.java:189)
	at org.apache.maven.surefire.booter.ProviderFactory$ProviderProxy.invoke(ProviderFactory.java:165)
	at org.apache.maven.surefire.booter.ProviderFactory.invokeProvider(ProviderFactory.java:85)
	at org.apache.maven.surefire.booter.ForkedBooter.runSuitesInProcess(ForkedBooter.java:115)
	at org.apache.maven.surefire.booter.ForkedBooter.main(ForkedBooter.java:75)
java.lang.ClassNotFoundException: jp.spring.ioc.aop.AspectJExpressionPointcutAdvisor
	at java.net.URLClassLoader.findClass(URLClassLoader.java:381)
	at java.lang.ClassLoader.loadClass(ClassLoader.java:424)
	at sun.misc.Launcher$AppClassLoader.loadClass(Launcher.java:331)
	at java.lang.ClassLoader.loadClass(ClassLoader.java:357)
	at java.lang.Class.forName0(Native Method)
	at java.lang.Class.forName(Class.java:264)
	at jp.spring.ioc.beans.BeanDefinition.setBeanClassName(BeanDefinition.java:40)
	at jp.spring.ioc.beans.io.reader.XmlBeanDefinitionReader.processBeanDefinition(XmlBeanDefinitionReader.java:83)
	at jp.spring.ioc.beans.io.reader.XmlBeanDefinitionReader.parseBeanDefinitions(XmlBeanDefinitionReader.java:60)
	at jp.spring.ioc.beans.io.reader.XmlBeanDefinitionReader.registerBeanDefinitions(XmlBeanDefinitionReader.java:51)
	at jp.spring.ioc.beans.io.reader.XmlBeanDefinitionReader.doLoadBeanDefinitions(XmlBeanDefinitionReader.java:44)
	at jp.spring.ioc.beans.io.reader.XmlBeanDefinitionReader.loadBeanDefinitions(XmlBeanDefinitionReader.java:34)
	at jp.spring.ioc.context.impl.ClassPathXmlApplicationContext.loadBeanDefinitions(ClassPathXmlApplicationContext.java:32)
	at jp.spring.ioc.context.AbstractApplicationContext.refresh(AbstractApplicationContext.java:22)
	at jp.spring.ioc.context.impl.ClassPathXmlApplicationContext.&lt;init&gt;(ClassPathXmlApplicationContext.java:26)
	at jp.spring.ioc.context.impl.ClassPathXmlApplicationContext.&lt;init&gt;(ClassPathXmlApplicationContext.java:20)
	at jp.spring.ioc.context.ApplicationContextTest.test(ApplicationContextTest.java:16)
	at sun.reflect.NativeMethodAccessorImpl.invoke0(Native Method)
	at sun.reflect.NativeMethodAccessorImpl.invoke(NativeMethodAccessorImpl.java:62)
	at sun.reflect.DelegatingMethodAccessorImpl.invoke(DelegatingMethodAccessorImpl.java:43)
	at java.lang.reflect.Method.invoke(Method.java:498)
	at org.junit.runners.model.FrameworkMethod$1.runReflectiveCall(FrameworkMethod.java:50)
	at org.junit.internal.runners.model.ReflectiveCallable.run(ReflectiveCallable.java:12)
	at org.junit.runners.model.FrameworkMethod.invokeExplosively(FrameworkMethod.java:47)
	at org.junit.internal.runners.statements.InvokeMethod.evaluate(InvokeMethod.java:17)
	at org.junit.runners.ParentRunner.runLeaf(ParentRunner.java:325)
	at org.junit.runners.BlockJUnit4ClassRunner.runChild(BlockJUnit4ClassRunner.java:78)
	at org.junit.runners.BlockJUnit4ClassRunner.runChild(BlockJUnit4ClassRunner.java:57)
	at org.junit.runners.ParentRunner$3.run(ParentRunner.java:290)
	at org.junit.runners.ParentRunner$1.schedule(ParentRunner.java:71)
	at org.junit.runners.ParentRunner.runChildren(ParentRunner.java:288)
	at org.junit.runners.ParentRunner.access$000(ParentRunner.java:58)
	at org.junit.runners.ParentRunner$2.evaluate(ParentRunner.java:268)
	at org.junit.runners.ParentRunner.run(ParentRunner.java:363)
	at org.apache.maven.surefire.junit4.JUnit4Provider.execute(JUnit4Provider.java:252)
	at org.apache.maven.surefire.junit4.JUnit4Provider.executeTestSet(JUnit4Provider.java:141)
	at org.apache.maven.surefire.junit4.JUnit4Provider.invoke(JUnit4Provider.java:112)
	at sun.reflect.NativeMethodAccessorImpl.invoke0(Native Method)
	at sun.reflect.NativeMethodAccessorImpl.invoke(NativeMethodAccessorImpl.java:62)
	at sun.reflect.DelegatingMethodAccessorImpl.invoke(DelegatingMethodAccessorImpl.java:43)
	at java.lang.reflect.Method.invoke(Method.java:498)
	at org.apache.maven.surefire.util.ReflectionUtils.invokeMethodWithArray(ReflectionUtils.java:189)
	at org.apache.maven.surefire.booter.ProviderFactory$ProviderProxy.invoke(ProviderFactory.java:165)
	at org.apache.maven.surefire.booter.ProviderFactory.invokeProvider(ProviderFactory.java:85)
	at org.apache.maven.surefire.booter.ForkedBooter.runSuitesInProcess(ForkedBooter.java:115)
	at org.apache.maven.surefire.booter.ForkedBooter.main(ForkedBooter.java:75)
</system-err>
  </testcase>
</testsuite>